Analysis & Synthesis report for hw02
Wed Apr 18 21:04:36 2018
Quartus II 64-Bit Version 13.1.0 Build 162 10/23/2013 SJ Web Edition


---------------------
; Table of Contents ;
---------------------
  1. Legal Notice
  2. Analysis & Synthesis Summary
  3. Analysis & Synthesis Settings
  4. Parallel Compilation
  5. Analysis & Synthesis Source Files Read
  6. Analysis & Synthesis Resource Usage Summary
  7. Analysis & Synthesis Resource Utilization by Entity
  8. Registers Removed During Synthesis
  9. General Register Statistics
 10. Inverted Register Statistics
 11. Multiplexer Restructuring Statistics (Restructuring Performed)
 12. Parameter Settings for User Entity Instance: clock_1k:clock_1k
 13. Parameter Settings for User Entity Instance: clock_1s:clock_1s
 14. Port Connectivity Checks: "clock_1k:clock_1k"
 15. Elapsed Time Per Partition
 16. Analysis & Synthesis Messages



----------------
; Legal Notice ;
----------------
Copyright (C) 1991-2013 Altera Corporation
Your use of Altera Corporation's design tools, logic functions 
and other software and tools, and its AMPP partner logic 
functions, and any output files from any of the foregoing 
(including device programming or simulation files), and any 
associated documentation or information are expressly subject 
to the terms and conditions of the Altera Program License 
Subscription Agreement, Altera MegaCore Function License 
Agreement, or other applicable license agreement, including, 
without limitation, that your use is for the sole purpose of 
programming logic devices manufactured by Altera and sold by 
Altera or its authorized distributors.  Please refer to the 
applicable agreement for further details.



+---------------------------------------------------------------------------------+
; Analysis & Synthesis Summary                                                    ;
+------------------------------------+--------------------------------------------+
; Analysis & Synthesis Status        ; Successful - Wed Apr 18 21:04:36 2018      ;
; Quartus II 64-Bit Version          ; 13.1.0 Build 162 10/23/2013 SJ Web Edition ;
; Revision Name                      ; hw02                                       ;
; Top-level Entity Name              ; hw02                                       ;
; Family                             ; Cyclone IV E                               ;
; Total logic elements               ; 155                                        ;
;     Total combinational functions  ; 154                                        ;
;     Dedicated logic registers      ; 68                                         ;
; Total registers                    ; 68                                         ;
; Total pins                         ; 31                                         ;
; Total virtual pins                 ; 0                                          ;
; Total memory bits                  ; 0                                          ;
; Embedded Multiplier 9-bit elements ; 0                                          ;
; Total PLLs                         ; 0                                          ;
+------------------------------------+--------------------------------------------+


+----------------------------------------------------------------------------------------------------------------------+
; Analysis & Synthesis Settings                                                                                        ;
+----------------------------------------------------------------------------+--------------------+--------------------+
; Option                                                                     ; Setting            ; Default Value      ;
+----------------------------------------------------------------------------+--------------------+--------------------+
; Device                                                                     ; EP4CE115F29C7      ;                    ;
; Top-level entity name                                                      ; hw02               ; hw02               ;
; Family name                                                                ; Cyclone IV E       ; Cyclone IV GX      ;
; Use smart compilation                                                      ; Off                ; Off                ;
; Enable parallel Assembler and TimeQuest Timing Analyzer during compilation ; On                 ; On                 ;
; Enable compact report table                                                ; Off                ; Off                ;
; Restructure Multiplexers                                                   ; Auto               ; Auto               ;
; Create Debugging Nodes for IP Cores                                        ; Off                ; Off                ;
; Preserve fewer node names                                                  ; On                 ; On                 ;
; Disable OpenCore Plus hardware evaluation                                  ; Off                ; Off                ;
; Verilog Version                                                            ; Verilog_2001       ; Verilog_2001       ;
; VHDL Version                                                               ; VHDL_1993          ; VHDL_1993          ;
; State Machine Processing                                                   ; Auto               ; Auto               ;
; Safe State Machine                                                         ; Off                ; Off                ;
; Extract Verilog State Machines                                             ; On                 ; On                 ;
; Extract VHDL State Machines                                                ; On                 ; On                 ;
; Ignore Verilog initial constructs                                          ; Off                ; Off                ;
; Iteration limit for constant Verilog loops                                 ; 5000               ; 5000               ;
; Iteration limit for non-constant Verilog loops                             ; 250                ; 250                ;
; Add Pass-Through Logic to Inferred RAMs                                    ; On                 ; On                 ;
; Infer RAMs from Raw Logic                                                  ; On                 ; On                 ;
; Parallel Synthesis                                                         ; On                 ; On                 ;
; DSP Block Balancing                                                        ; Auto               ; Auto               ;
; NOT Gate Push-Back                                                         ; On                 ; On                 ;
; Power-Up Don't Care                                                        ; On                 ; On                 ;
; Remove Redundant Logic Cells                                               ; Off                ; Off                ;
; Remove Duplicate Registers                                                 ; On                 ; On                 ;
; Ignore CARRY Buffers                                                       ; Off                ; Off                ;
; Ignore CASCADE Buffers                                                     ; Off                ; Off                ;
; Ignore GLOBAL Buffers                                                      ; Off                ; Off                ;
; Ignore ROW GLOBAL Buffers                                                  ; Off                ; Off                ;
; Ignore LCELL Buffers                                                       ; Off                ; Off                ;
; Ignore SOFT Buffers                                                        ; On                 ; On                 ;
; Limit AHDL Integers to 32 Bits                                             ; Off                ; Off                ;
; Optimization Technique                                                     ; Balanced           ; Balanced           ;
; Carry Chain Length                                                         ; 70                 ; 70                 ;
; Auto Carry Chains                                                          ; On                 ; On                 ;
; Auto Open-Drain Pins                                                       ; On                 ; On                 ;
; Perform WYSIWYG Primitive Resynthesis                                      ; Off                ; Off                ;
; Auto ROM Replacement                                                       ; On                 ; On                 ;
; Auto RAM Replacement                                                       ; On                 ; On                 ;
; Auto DSP Block Replacement                                                 ; On                 ; On                 ;
; Auto Shift Register Replacement                                            ; Auto               ; Auto               ;
; Allow Shift Register Merging across Hierarchies                            ; Auto               ; Auto               ;
; Auto Clock Enable Replacement                                              ; On                 ; On                 ;
; Strict RAM Replacement                                                     ; Off                ; Off                ;
; Allow Synchronous Control Signals                                          ; On                 ; On                 ;
; Force Use of Synchronous Clear Signals                                     ; Off                ; Off                ;
; Auto RAM Block Balancing                                                   ; On                 ; On                 ;
; Auto RAM to Logic Cell Conversion                                          ; Off                ; Off                ;
; Auto Resource Sharing                                                      ; Off                ; Off                ;
; Allow Any RAM Size For Recognition                                         ; Off                ; Off                ;
; Allow Any ROM Size For Recognition                                         ; Off                ; Off                ;
; Allow Any Shift Register Size For Recognition                              ; Off                ; Off                ;
; Use LogicLock Constraints during Resource Balancing                        ; On                 ; On                 ;
; Ignore translate_off and synthesis_off directives                          ; Off                ; Off                ;
; Timing-Driven Synthesis                                                    ; On                 ; On                 ;
; Report Parameter Settings                                                  ; On                 ; On                 ;
; Report Source Assignments                                                  ; On                 ; On                 ;
; Report Connectivity Checks                                                 ; On                 ; On                 ;
; Ignore Maximum Fan-Out Assignments                                         ; Off                ; Off                ;
; Synchronization Register Chain Length                                      ; 2                  ; 2                  ;
; PowerPlay Power Optimization                                               ; Normal compilation ; Normal compilation ;
; HDL message level                                                          ; Level2             ; Level2             ;
; Suppress Register Optimization Related Messages                            ; Off                ; Off                ;
; Number of Removed Registers Reported in Synthesis Report                   ; 5000               ; 5000               ;
; Number of Swept Nodes Reported in Synthesis Report                         ; 5000               ; 5000               ;
; Number of Inverted Registers Reported in Synthesis Report                  ; 100                ; 100                ;
; Clock MUX Protection                                                       ; On                 ; On                 ;
; Auto Gated Clock Conversion                                                ; Off                ; Off                ;
; Block Design Naming                                                        ; Auto               ; Auto               ;
; SDC constraint protection                                                  ; Off                ; Off                ;
; Synthesis Effort                                                           ; Auto               ; Auto               ;
; Shift Register Replacement - Allow Asynchronous Clear Signal               ; On                 ; On                 ;
; Pre-Mapping Resynthesis Optimization                                       ; Off                ; Off                ;
; Analysis & Synthesis Message Level                                         ; Medium             ; Medium             ;
; Disable Register Merging Across Hierarchies                                ; Auto               ; Auto               ;
; Resource Aware Inference For Block RAM                                     ; On                 ; On                 ;
; Synthesis Seed                                                             ; 1                  ; 1                  ;
+----------------------------------------------------------------------------+--------------------+--------------------+


Parallel compilation was disabled, but you have multiple processors available. Enable parallel compilation to reduce compilation time.
+-------------------------------------+
; Parallel Compilation                ;
+----------------------------+--------+
; Processors                 ; Number ;
+----------------------------+--------+
; Number detected on machine ; 4      ;
; Maximum allowed            ; 1      ;
+----------------------------+--------+


+----------------------------------------------------------------------------------------------------------------------+
; Analysis & Synthesis Source Files Read                                                                               ;
+----------------------------------+-----------------+------------------------+------------------------------+---------+
; File Name with User-Entered Path ; Used in Netlist ; File Type              ; File Name with Absolute Path ; Library ;
+----------------------------------+-----------------+------------------------+------------------------------+---------+
; hw02.v                           ; yes             ; User Verilog HDL File  ; C:/hw02/hw02.v               ;         ;
; clock_1s.v                       ; yes             ; User Verilog HDL File  ; C:/hw02/clock_1s.v           ;         ;
; clock_1k.v                       ; yes             ; User Verilog HDL File  ; C:/hw02/clock_1k.v           ;         ;
; debounce.v                       ; yes             ; User Verilog HDL File  ; C:/hw02/debounce.v           ;         ;
; SEG_HEX.v                        ; yes             ; User Verilog HDL File  ; C:/hw02/SEG_HEX.v            ;         ;
+----------------------------------+-----------------+------------------------+------------------------------+---------+


+--------------------------------------------------------------+
; Analysis & Synthesis Resource Usage Summary                  ;
+---------------------------------------------+----------------+
; Resource                                    ; Usage          ;
+---------------------------------------------+----------------+
; Estimated Total logic elements              ; 155            ;
;                                             ;                ;
; Total combinational functions               ; 154            ;
; Logic element usage by number of LUT inputs ;                ;
;     -- 4 input functions                    ; 70             ;
;     -- 3 input functions                    ; 16             ;
;     -- <=2 input functions                  ; 68             ;
;                                             ;                ;
; Logic elements by mode                      ;                ;
;     -- normal mode                          ; 109            ;
;     -- arithmetic mode                      ; 45             ;
;                                             ;                ;
; Total registers                             ; 68             ;
;     -- Dedicated logic registers            ; 68             ;
;     -- I/O registers                        ; 0              ;
;                                             ;                ;
; I/O pins                                    ; 31             ;
; Embedded Multiplier 9-bit elements          ; 0              ;
; Maximum fan-out node                        ; CLOCK_50~input ;
; Maximum fan-out                             ; 68             ;
; Total fan-out                               ; 660            ;
; Average fan-out                             ; 2.32           ;
+---------------------------------------------+----------------+


+----------------------------------------------------------------------------------------------------------------------------------------------------------------------------------+
; Analysis & Synthesis Resource Utilization by Entity                                                                                                                              ;
+----------------------------+-------------------+--------------+-------------+--------------+---------+-----------+------+--------------+--------------------------+--------------+
; Compilation Hierarchy Node ; LC Combinationals ; LC Registers ; Memory Bits ; DSP Elements ; DSP 9x9 ; DSP 18x18 ; Pins ; Virtual Pins ; Full Hierarchy Name      ; Library Name ;
+----------------------------+-------------------+--------------+-------------+--------------+---------+-----------+------+--------------+--------------------------+--------------+
; |hw02                      ; 154 (32)          ; 68 (18)      ; 0           ; 0            ; 0       ; 0         ; 31   ; 0            ; |hw02                    ; work         ;
;    |SEG_HEX:s1|            ; 7 (7)             ; 0 (0)        ; 0           ; 0            ; 0       ; 0         ; 0    ; 0            ; |hw02|SEG_HEX:s1         ; work         ;
;    |SEG_HEX:s2|            ; 7 (7)             ; 0 (0)        ; 0           ; 0            ; 0       ; 0         ; 0    ; 0            ; |hw02|SEG_HEX:s2         ; work         ;
;    |SEG_HEX:s3|            ; 7 (7)             ; 0 (0)        ; 0           ; 0            ; 0       ; 0         ; 0    ; 0            ; |hw02|SEG_HEX:s3         ; work         ;
;    |SEG_HEX:s4|            ; 7 (7)             ; 0 (0)        ; 0           ; 0            ; 0       ; 0         ; 0    ; 0            ; |hw02|SEG_HEX:s4         ; work         ;
;    |clock_1k:clock_1k|     ; 35 (35)           ; 19 (19)      ; 0           ; 0            ; 0       ; 0         ; 0    ; 0            ; |hw02|clock_1k:clock_1k  ; work         ;
;    |clock_1s:clock_1s|     ; 57 (57)           ; 29 (29)      ; 0           ; 0            ; 0       ; 0         ; 0    ; 0            ; |hw02|clock_1s:clock_1s  ; work         ;
;    |debounce:debounce1|    ; 1 (1)             ; 1 (1)        ; 0           ; 0            ; 0       ; 0         ; 0    ; 0            ; |hw02|debounce:debounce1 ; work         ;
;    |debounce:debounce2|    ; 1 (1)             ; 1 (1)        ; 0           ; 0            ; 0       ; 0         ; 0    ; 0            ; |hw02|debounce:debounce2 ; work         ;
+----------------------------+-------------------+--------------+-------------+--------------+---------+-----------+------+--------------+--------------------------+--------------+
Note: For table entries with two numbers listed, the numbers in parentheses indicate the number of resources of the given type used by the specific entity alone. The numbers listed outside of parentheses indicate the total resources of the given type used by the specific entity and all of its sub-entities in the hierarchy.


+----------------------------------------------------------------------------------+
; Registers Removed During Synthesis                                               ;
+---------------------------------------+------------------------------------------+
; Register name                         ; Reason for Removal                       ;
+---------------------------------------+------------------------------------------+
; clock_1k:clock_1k|CLK_Cnt[0]          ; Merged with clock_1s:clock_1s|CLK_Cnt[0] ;
; clock_1k:clock_1k|CLK_Cnt[1]          ; Merged with clock_1s:clock_1s|CLK_Cnt[1] ;
; Total Number of Removed Registers = 2 ;                                          ;
+---------------------------------------+------------------------------------------+


+------------------------------------------------------+
; General Register Statistics                          ;
+----------------------------------------------+-------+
; Statistic                                    ; Value ;
+----------------------------------------------+-------+
; Total registers                              ; 68    ;
; Number of registers using Synchronous Clear  ; 0     ;
; Number of registers using Synchronous Load   ; 0     ;
; Number of registers using Asynchronous Clear ; 0     ;
; Number of registers using Asynchronous Load  ; 0     ;
; Number of registers using Clock Enable       ; 5     ;
; Number of registers using Preset             ; 0     ;
+----------------------------------------------+-------+


+--------------------------------------------------+
; Inverted Register Statistics                     ;
+----------------------------------------+---------+
; Inverted Register                      ; Fan out ;
+----------------------------------------+---------+
; sf                                     ; 3       ;
; debounce:debounce2|Bounce[0]           ; 3       ;
; debounce:debounce1|Bounce[0]           ; 4       ;
; mf                                     ; 2       ;
; Total number of inverted registers = 4 ;         ;
+----------------------------------------+---------+


+------------------------------------------------------------------------------------------------------------------------------------------+
; Multiplexer Restructuring Statistics (Restructuring Performed)                                                                           ;
+--------------------+-----------+---------------+----------------------+------------------------+------------+----------------------------+
; Multiplexer Inputs ; Bus Width ; Baseline Area ; Area if Restructured ; Saving if Restructured ; Registered ; Example Multiplexer Output ;
+--------------------+-----------+---------------+----------------------+------------------------+------------+----------------------------+
; 3:1                ; 4 bits    ; 8 LEs         ; 4 LEs                ; 4 LEs                  ; Yes        ; |hw02|d2[0]                ;
; 3:1                ; 4 bits    ; 8 LEs         ; 4 LEs                ; 4 LEs                  ; Yes        ; |hw02|d4[0]                ;
; 5:1                ; 4 bits    ; 12 LEs        ; 4 LEs                ; 8 LEs                  ; Yes        ; |hw02|d1[3]                ;
; 6:1                ; 4 bits    ; 16 LEs        ; 4 LEs                ; 12 LEs                 ; Yes        ; |hw02|d3[2]                ;
+--------------------+-----------+---------------+----------------------+------------------------+------------+----------------------------+


+----------------------------------------------------------------+
; Parameter Settings for User Entity Instance: clock_1k:clock_1k ;
+----------------+----------------------+------------------------+
; Parameter Name ; Value                ; Type                   ;
+----------------+----------------------+------------------------+
; Div            ; 00001100001101010000 ; Unsigned Binary        ;
; DivW           ; 20                   ; Signed Integer         ;
+----------------+----------------------+------------------------+
Note: In order to hide this table in the UI and the text report file, please set the "Show Parameter Settings in Synthesis Report" option in "Analysis and Synthesis Settings -> More Settings" to "Off".


+-----------------------------------------------------------------+
; Parameter Settings for User Entity Instance: clock_1s:clock_1s  ;
+----------------+------------------------------+-----------------+
; Parameter Name ; Value                        ; Type            ;
+----------------+------------------------------+-----------------+
; Div            ; 0010111110101111000010000000 ; Unsigned Binary ;
; DivW           ; 28                           ; Signed Integer  ;
+----------------+------------------------------+-----------------+
Note: In order to hide this table in the UI and the text report file, please set the "Show Parameter Settings in Synthesis Report" option in "Analysis and Synthesis Settings -> More Settings" to "Off".


+-----------------------------------------------+
; Port Connectivity Checks: "clock_1k:clock_1k" ;
+------+-------+----------+---------------------+
; Port ; Type  ; Severity ; Details             ;
+------+-------+----------+---------------------+
; RST  ; Input ; Info     ; Stuck at VCC        ;
+------+-------+----------+---------------------+


+-------------------------------+
; Elapsed Time Per Partition    ;
+----------------+--------------+
; Partition Name ; Elapsed Time ;
+----------------+--------------+
; Top            ; 00:00:00     ;
+----------------+--------------+


+-------------------------------+
; Analysis & Synthesis Messages ;
+-------------------------------+
Info: *******************************************************************
Info: Running Quartus II 64-Bit Analysis & Synthesis
    Info: Version 13.1.0 Build 162 10/23/2013 SJ Web Edition
    Info: Processing started: Wed Apr 18 21:04:34 2018
Info: Command: quartus_map --read_settings_files=on --write_settings_files=off hw02 -c hw02
Warning (20028): Parallel compilation is not licensed and has been disabled
Info (12021): Found 1 design units, including 1 entities, in source file hw02.v
    Info (12023): Found entity 1: hw02
Info (12021): Found 1 design units, including 1 entities, in source file clock_1s.v
    Info (12023): Found entity 1: clock_1s
Info (12021): Found 1 design units, including 1 entities, in source file clock_1k.v
    Info (12023): Found entity 1: clock_1k
Info (12021): Found 1 design units, including 1 entities, in source file debounce.v
    Info (12023): Found entity 1: debounce
Info (12021): Found 1 design units, including 1 entities, in source file seg_hex.v
    Info (12023): Found entity 1: SEG_HEX
Info (12127): Elaborating entity "hw02" for the top level hierarchy
Warning (10230): Verilog HDL assignment warning at hw02.v(59): truncated value with size 32 to match size of target (4)
Warning (10230): Verilog HDL assignment warning at hw02.v(64): truncated value with size 32 to match size of target (4)
Warning (10230): Verilog HDL assignment warning at hw02.v(73): truncated value with size 32 to match size of target (4)
Warning (10230): Verilog HDL assignment warning at hw02.v(77): truncated value with size 32 to match size of target (4)
Warning (10230): Verilog HDL assignment warning at hw02.v(81): truncated value with size 32 to match size of target (4)
Warning (10230): Verilog HDL assignment warning at hw02.v(85): truncated value with size 32 to match size of target (4)
Info (12128): Elaborating entity "clock_1k" for hierarchy "clock_1k:clock_1k"
Info (12128): Elaborating entity "clock_1s" for hierarchy "clock_1s:clock_1s"
Info (12128): Elaborating entity "debounce" for hierarchy "debounce:debounce1"
Warning (10240): Verilog HDL Always Construct warning at debounce.v(11): inferring latch(es) for variable "Bounce", which holds its previous value in one or more paths through the always construct
Info (10041): Inferred latch for "Bounce[1]" at debounce.v(11)
Info (10041): Inferred latch for "Bounce[2]" at debounce.v(11)
Info (10041): Inferred latch for "Bounce[3]" at debounce.v(11)
Info (12128): Elaborating entity "SEG_HEX" for hierarchy "SEG_HEX:s1"
Info (286030): Timing-Driven Synthesis is running
Info (16010): Generating hard_block partition "hard_block:auto_generated_inst"
    Info (16011): Adding 0 node(s), including 0 DDIO, 0 PLL, 0 transceiver and 0 LCELL
Info (21057): Implemented 186 device resources after synthesis - the final resource count might be different
    Info (21058): Implemented 3 input pins
    Info (21059): Implemented 28 output pins
    Info (21061): Implemented 155 logic cells
Info: Quartus II 64-Bit Analysis & Synthesis was successful. 0 errors, 8 warnings
    Info: Peak virtual memory: 470 megabytes
    Info: Processing ended: Wed Apr 18 21:04:36 2018
    Info: Elapsed time: 00:00:02
    Info: Total CPU time (on all processors): 00:00:02


