Analysis & Synthesis report for hw3
Mon May 14 15:29:46 2018
Quartus Prime Version 17.1.0 Build 590 10/25/2017 SJ Lite Edition


---------------------
; Table of Contents ;
---------------------
  1. Legal Notice
  2. Analysis & Synthesis Summary
  3. Analysis & Synthesis Settings
  4. Parallel Compilation
  5. Analysis & Synthesis Source Files Read
  6. Analysis & Synthesis Resource Usage Summary
  7. Analysis & Synthesis Resource Utilization by Entity
  8. State Machine - |hw03|state
  9. General Register Statistics
 10. Inverted Register Statistics
 11. Multiplexer Restructuring Statistics (Restructuring Performed)
 12. Post-Synthesis Netlist Statistics for Top Partition
 13. Elapsed Time Per Partition
 14. Analysis & Synthesis Messages
 15. Analysis & Synthesis Suppressed Messages



----------------
; Legal Notice ;
----------------
Copyright (C) 2017  Intel Corporation. All rights reserved.
Your use of Intel Corporation's design tools, logic functions 
and other software and tools, and its AMPP partner logic 
functions, and any output files from any of the foregoing 
(including device programming or simulation files), and any 
associated documentation or information are expressly subject 
to the terms and conditions of the Intel Program License 
Subscription Agreement, the Intel Quartus Prime License Agreement,
the Intel FPGA IP License Agreement, or other applicable license
agreement, including, without limitation, that your use is for
the sole purpose of programming logic devices manufactured by
Intel and sold by Intel or its authorized distributors.  Please
refer to the applicable agreement for further details.



+----------------------------------------------------------------------------------+
; Analysis & Synthesis Summary                                                     ;
+------------------------------------+---------------------------------------------+
; Analysis & Synthesis Status        ; Successful - Mon May 14 15:29:46 2018       ;
; Quartus Prime Version              ; 17.1.0 Build 590 10/25/2017 SJ Lite Edition ;
; Revision Name                      ; hw3                                         ;
; Top-level Entity Name              ; hw03                                        ;
; Family                             ; Cyclone IV E                                ;
; Total logic elements               ; 352                                         ;
;     Total combinational functions  ; 320                                         ;
;     Dedicated logic registers      ; 132                                         ;
; Total registers                    ; 132                                         ;
; Total pins                         ; 62                                          ;
; Total virtual pins                 ; 0                                           ;
; Total memory bits                  ; 0                                           ;
; Embedded Multiplier 9-bit elements ; 0                                           ;
; Total PLLs                         ; 0                                           ;
+------------------------------------+---------------------------------------------+


+----------------------------------------------------------------------------------------------------------------------+
; Analysis & Synthesis Settings                                                                                        ;
+----------------------------------------------------------------------------+--------------------+--------------------+
; Option                                                                     ; Setting            ; Default Value      ;
+----------------------------------------------------------------------------+--------------------+--------------------+
; Device                                                                     ; EP4CE115F29C7      ;                    ;
; Top-level entity name                                                      ; hw03               ; hw3                ;
; Family name                                                                ; Cyclone IV E       ; Cyclone V          ;
; Use smart compilation                                                      ; Off                ; Off                ;
; Enable parallel Assembler and TimeQuest Timing Analyzer during compilation ; On                 ; On                 ;
; Enable compact report table                                                ; Off                ; Off                ;
; Restructure Multiplexers                                                   ; Auto               ; Auto               ;
; Create Debugging Nodes for IP Cores                                        ; Off                ; Off                ;
; Preserve fewer node names                                                  ; On                 ; On                 ;
; Intel FPGA IP Evaluation Mode                                              ; Enable             ; Enable             ;
; Verilog Version                                                            ; Verilog_2001       ; Verilog_2001       ;
; VHDL Version                                                               ; VHDL_1993          ; VHDL_1993          ;
; State Machine Processing                                                   ; Auto               ; Auto               ;
; Safe State Machine                                                         ; Off                ; Off                ;
; Extract Verilog State Machines                                             ; On                 ; On                 ;
; Extract VHDL State Machines                                                ; On                 ; On                 ;
; Ignore Verilog initial constructs                                          ; Off                ; Off                ;
; Iteration limit for constant Verilog loops                                 ; 5000               ; 5000               ;
; Iteration limit for non-constant Verilog loops                             ; 250                ; 250                ;
; Add Pass-Through Logic to Inferred RAMs                                    ; On                 ; On                 ;
; Infer RAMs from Raw Logic                                                  ; On                 ; On                 ;
; Parallel Synthesis                                                         ; On                 ; On                 ;
; DSP Block Balancing                                                        ; Auto               ; Auto               ;
; NOT Gate Push-Back                                                         ; On                 ; On                 ;
; Power-Up Don't Care                                                        ; On                 ; On                 ;
; Remove Redundant Logic Cells                                               ; Off                ; Off                ;
; Remove Duplicate Registers                                                 ; On                 ; On                 ;
; Ignore CARRY Buffers                                                       ; Off                ; Off                ;
; Ignore CASCADE Buffers                                                     ; Off                ; Off                ;
; Ignore GLOBAL Buffers                                                      ; Off                ; Off                ;
; Ignore ROW GLOBAL Buffers                                                  ; Off                ; Off                ;
; Ignore LCELL Buffers                                                       ; Off                ; Off                ;
; Ignore SOFT Buffers                                                        ; On                 ; On                 ;
; Limit AHDL Integers to 32 Bits                                             ; Off                ; Off                ;
; Optimization Technique                                                     ; Balanced           ; Balanced           ;
; Carry Chain Length                                                         ; 70                 ; 70                 ;
; Auto Carry Chains                                                          ; On                 ; On                 ;
; Auto Open-Drain Pins                                                       ; On                 ; On                 ;
; Perform WYSIWYG Primitive Resynthesis                                      ; Off                ; Off                ;
; Auto ROM Replacement                                                       ; On                 ; On                 ;
; Auto RAM Replacement                                                       ; On                 ; On                 ;
; Auto DSP Block Replacement                                                 ; On                 ; On                 ;
; Auto Shift Register Replacement                                            ; Auto               ; Auto               ;
; Allow Shift Register Merging across Hierarchies                            ; Auto               ; Auto               ;
; Auto Clock Enable Replacement                                              ; On                 ; On                 ;
; Strict RAM Replacement                                                     ; Off                ; Off                ;
; Allow Synchronous Control Signals                                          ; On                 ; On                 ;
; Force Use of Synchronous Clear Signals                                     ; Off                ; Off                ;
; Auto RAM Block Balancing                                                   ; On                 ; On                 ;
; Auto RAM to Logic Cell Conversion                                          ; Off                ; Off                ;
; Auto Resource Sharing                                                      ; Off                ; Off                ;
; Allow Any RAM Size For Recognition                                         ; Off                ; Off                ;
; Allow Any ROM Size For Recognition                                         ; Off                ; Off                ;
; Allow Any Shift Register Size For Recognition                              ; Off                ; Off                ;
; Use LogicLock Constraints during Resource Balancing                        ; On                 ; On                 ;
; Ignore translate_off and synthesis_off directives                          ; Off                ; Off                ;
; Timing-Driven Synthesis                                                    ; On                 ; On                 ;
; Report Parameter Settings                                                  ; On                 ; On                 ;
; Report Source Assignments                                                  ; On                 ; On                 ;
; Report Connectivity Checks                                                 ; On                 ; On                 ;
; Ignore Maximum Fan-Out Assignments                                         ; Off                ; Off                ;
; Synchronization Register Chain Length                                      ; 2                  ; 2                  ;
; Power Optimization During Synthesis                                        ; Normal compilation ; Normal compilation ;
; HDL message level                                                          ; Level2             ; Level2             ;
; Suppress Register Optimization Related Messages                            ; Off                ; Off                ;
; Number of Removed Registers Reported in Synthesis Report                   ; 5000               ; 5000               ;
; Number of Swept Nodes Reported in Synthesis Report                         ; 5000               ; 5000               ;
; Number of Inverted Registers Reported in Synthesis Report                  ; 100                ; 100                ;
; Clock MUX Protection                                                       ; On                 ; On                 ;
; Auto Gated Clock Conversion                                                ; Off                ; Off                ;
; Block Design Naming                                                        ; Auto               ; Auto               ;
; SDC constraint protection                                                  ; Off                ; Off                ;
; Synthesis Effort                                                           ; Auto               ; Auto               ;
; Shift Register Replacement - Allow Asynchronous Clear Signal               ; On                 ; On                 ;
; Pre-Mapping Resynthesis Optimization                                       ; Off                ; Off                ;
; Analysis & Synthesis Message Level                                         ; Medium             ; Medium             ;
; Disable Register Merging Across Hierarchies                                ; Auto               ; Auto               ;
; Resource Aware Inference For Block RAM                                     ; On                 ; On                 ;
+----------------------------------------------------------------------------+--------------------+--------------------+


+------------------------------------------+
; Parallel Compilation                     ;
+----------------------------+-------------+
; Processors                 ; Number      ;
+----------------------------+-------------+
; Number detected on machine ; 8           ;
; Maximum allowed            ; 4           ;
;                            ;             ;
; Average used               ; 1.00        ;
; Maximum used               ; 4           ;
;                            ;             ;
; Usage by Processor         ; % Time Used ;
;     Processor 1            ; 100.0%      ;
;     Processors 2-4         ;   0.0%      ;
+----------------------------+-------------+


+--------------------------------------------------------------------------------------------------------------------------------+
; Analysis & Synthesis Source Files Read                                                                                         ;
+----------------------------------+-----------------+------------------------+----------------------------------------+---------+
; File Name with User-Entered Path ; Used in Netlist ; File Type              ; File Name with Absolute Path           ; Library ;
+----------------------------------+-----------------+------------------------+----------------------------------------+---------+
; SEG_HEX.v                        ; yes             ; User Verilog HDL File  ; /home/kuoyaoming/Desktop/hw3/SEG_HEX.v ;         ;
; hw03.v                           ; yes             ; User Verilog HDL File  ; /home/kuoyaoming/Desktop/hw3/hw03.v    ;         ;
+----------------------------------+-----------------+------------------------+----------------------------------------+---------+


+--------------------------------------------------------------+
; Analysis & Synthesis Resource Usage Summary                  ;
+---------------------------------------------+----------------+
; Resource                                    ; Usage          ;
+---------------------------------------------+----------------+
; Estimated Total logic elements              ; 352            ;
;                                             ;                ;
; Total combinational functions               ; 320            ;
; Logic element usage by number of LUT inputs ;                ;
;     -- 4 input functions                    ; 217            ;
;     -- 3 input functions                    ; 20             ;
;     -- <=2 input functions                  ; 83             ;
;                                             ;                ;
; Logic elements by mode                      ;                ;
;     -- normal mode                          ; 258            ;
;     -- arithmetic mode                      ; 62             ;
;                                             ;                ;
; Total registers                             ; 132            ;
;     -- Dedicated logic registers            ; 132            ;
;     -- I/O registers                        ; 0              ;
;                                             ;                ;
; I/O pins                                    ; 62             ;
;                                             ;                ;
; Embedded Multiplier 9-bit elements          ; 0              ;
;                                             ;                ;
; Maximum fan-out node                        ; CLOCK_50~input ;
; Maximum fan-out                             ; 132            ;
; Total fan-out                               ; 1707           ;
; Average fan-out                             ; 2.96           ;
+---------------------------------------------+----------------+


+----------------------------------------------------------------------------------------------------------------------------------------------------------------------------------------------------------+
; Analysis & Synthesis Resource Utilization by Entity                                                                                                                                                      ;
+----------------------------+---------------------+---------------------------+-------------+--------------+---------+-----------+------+--------------+---------------------+-------------+--------------+
; Compilation Hierarchy Node ; Combinational ALUTs ; Dedicated Logic Registers ; Memory Bits ; DSP Elements ; DSP 9x9 ; DSP 18x18 ; Pins ; Virtual Pins ; Full Hierarchy Name ; Entity Name ; Library Name ;
+----------------------------+---------------------+---------------------------+-------------+--------------+---------+-----------+------+--------------+---------------------+-------------+--------------+
; |hw03                      ; 320 (264)           ; 132 (132)                 ; 0           ; 0            ; 0       ; 0         ; 62   ; 0            ; |hw03               ; hw03        ; work         ;
;    |SEG_HEX:s0|            ; 7 (7)               ; 0 (0)                     ; 0           ; 0            ; 0       ; 0         ; 0    ; 0            ; |hw03|SEG_HEX:s0    ; SEG_HEX     ; work         ;
;    |SEG_HEX:s1|            ; 7 (7)               ; 0 (0)                     ; 0           ; 0            ; 0       ; 0         ; 0    ; 0            ; |hw03|SEG_HEX:s1    ; SEG_HEX     ; work         ;
;    |SEG_HEX:s2|            ; 7 (7)               ; 0 (0)                     ; 0           ; 0            ; 0       ; 0         ; 0    ; 0            ; |hw03|SEG_HEX:s2    ; SEG_HEX     ; work         ;
;    |SEG_HEX:s3|            ; 7 (7)               ; 0 (0)                     ; 0           ; 0            ; 0       ; 0         ; 0    ; 0            ; |hw03|SEG_HEX:s3    ; SEG_HEX     ; work         ;
;    |SEG_HEX:s4|            ; 7 (7)               ; 0 (0)                     ; 0           ; 0            ; 0       ; 0         ; 0    ; 0            ; |hw03|SEG_HEX:s4    ; SEG_HEX     ; work         ;
;    |SEG_HEX:s5|            ; 7 (7)               ; 0 (0)                     ; 0           ; 0            ; 0       ; 0         ; 0    ; 0            ; |hw03|SEG_HEX:s5    ; SEG_HEX     ; work         ;
;    |SEG_HEX:s6|            ; 7 (7)               ; 0 (0)                     ; 0           ; 0            ; 0       ; 0         ; 0    ; 0            ; |hw03|SEG_HEX:s6    ; SEG_HEX     ; work         ;
;    |SEG_HEX:s7|            ; 7 (7)               ; 0 (0)                     ; 0           ; 0            ; 0       ; 0         ; 0    ; 0            ; |hw03|SEG_HEX:s7    ; SEG_HEX     ; work         ;
+----------------------------+---------------------+---------------------------+-------------+--------------+---------+-----------+------+--------------+---------------------+-------------+--------------+
Note: For table entries with two numbers listed, the numbers in parentheses indicate the number of resources of the given type used by the specific entity alone. The numbers listed outside of parentheses indicate the total resources of the given type used by the specific entity and all of its sub-entities in the hierarchy.


Encoding Type:  One-Hot
+-------------------------------------------+
; State Machine - |hw03|state               ;
+----------+----------+----------+----------+
; Name     ; state.00 ; state.10 ; state.01 ;
+----------+----------+----------+----------+
; state.00 ; 0        ; 0        ; 0        ;
; state.01 ; 1        ; 0        ; 1        ;
; state.10 ; 1        ; 1        ; 0        ;
+----------+----------+----------+----------+


+------------------------------------------------------+
; General Register Statistics                          ;
+----------------------------------------------+-------+
; Statistic                                    ; Value ;
+----------------------------------------------+-------+
; Total registers                              ; 132   ;
; Number of registers using Synchronous Clear  ; 32    ;
; Number of registers using Synchronous Load   ; 0     ;
; Number of registers using Asynchronous Clear ; 132   ;
; Number of registers using Asynchronous Load  ; 0     ;
; Number of registers using Clock Enable       ; 70    ;
; Number of registers using Preset             ; 0     ;
+----------------------------------------------+-------+


+--------------------------------------------------+
; Inverted Register Statistics                     ;
+----------------------------------------+---------+
; Inverted Register                      ; Fan out ;
+----------------------------------------+---------+
; ng[0]                                  ; 5       ;
; Total number of inverted registers = 1 ;         ;
+----------------------------------------+---------+


+------------------------------------------------------------------------------------------------------------------------------------------+
; Multiplexer Restructuring Statistics (Restructuring Performed)                                                                           ;
+--------------------+-----------+---------------+----------------------+------------------------+------------+----------------------------+
; Multiplexer Inputs ; Bus Width ; Baseline Area ; Area if Restructured ; Saving if Restructured ; Registered ; Example Multiplexer Output ;
+--------------------+-----------+---------------+----------------------+------------------------+------------+----------------------------+
; 3:1                ; 32 bits   ; 64 LEs        ; 32 LEs               ; 32 LEs                 ; Yes        ; |hw03|i[24]                ;
; 6:1                ; 32 bits   ; 128 LEs       ; 32 LEs               ; 96 LEs                 ; Yes        ; |hw03|cnt[2]               ;
; 3:1                ; 2 bits    ; 4 LEs         ; 4 LEs                ; 0 LEs                  ; No         ; |hw03|state                ;
+--------------------+-----------+---------------+----------------------+------------------------+------------+----------------------------+


+-----------------------------------------------------+
; Post-Synthesis Netlist Statistics for Top Partition ;
+-----------------------+-----------------------------+
; Type                  ; Count                       ;
+-----------------------+-----------------------------+
; boundary_port         ; 62                          ;
; cycloneiii_ff         ; 132                         ;
;     CLR               ; 62                          ;
;     ENA CLR           ; 38                          ;
;     ENA CLR SCLR      ; 32                          ;
; cycloneiii_lcell_comb ; 328                         ;
;     arith             ; 62                          ;
;         2 data inputs ; 62                          ;
;     normal            ; 266                         ;
;         1 data inputs ; 11                          ;
;         2 data inputs ; 18                          ;
;         3 data inputs ; 20                          ;
;         4 data inputs ; 217                         ;
;                       ;                             ;
; Max LUT depth         ; 10.00                       ;
; Average LUT depth     ; 5.34                        ;
+-----------------------+-----------------------------+


+-------------------------------+
; Elapsed Time Per Partition    ;
+----------------+--------------+
; Partition Name ; Elapsed Time ;
+----------------+--------------+
; Top            ; 00:00:00     ;
+----------------+--------------+


+-------------------------------+
; Analysis & Synthesis Messages ;
+-------------------------------+
Info: *******************************************************************
Info: Running Quartus Prime Analysis & Synthesis
    Info: Version 17.1.0 Build 590 10/25/2017 SJ Lite Edition
    Info: Processing started: Mon May 14 15:29:36 2018
Info: Command: quartus_map --read_settings_files=on --write_settings_files=off hw3 -c hw3
Warning (18236): Number of processors has not been specified which may cause overloading on shared machines.  Set the global assignment NUM_PARALLEL_PROCESSORS in your QSF to an appropriate value for best performance.
Info (20030): Parallel compilation is enabled and will use 4 of the 4 processors detected
Info (12021): Found 1 design units, including 1 entities, in source file SEG_HEX.v
    Info (12023): Found entity 1: SEG_HEX File: /home/kuoyaoming/Desktop/hw3/SEG_HEX.v Line: 1
Warning (10463): Verilog HDL Declaration warning at lab3_tb.v(93): "byte" is SystemVerilog-2005 keyword File: /home/kuoyaoming/Desktop/hw3/lab3_tb.v Line: 93
Info (12021): Found 1 design units, including 1 entities, in source file lab3_tb.v
    Info (12023): Found entity 1: lab3_tb File: /home/kuoyaoming/Desktop/hw3/lab3_tb.v Line: 3
Info (12021): Found 1 design units, including 1 entities, in source file hw03.v
    Info (12023): Found entity 1: hw03 File: /home/kuoyaoming/Desktop/hw3/hw03.v Line: 1
Warning (10236): Verilog HDL Implicit Net warning at hw03.v(32): created implicit net for "rst" File: /home/kuoyaoming/Desktop/hw3/hw03.v Line: 32
Info (12127): Elaborating entity "hw03" for the top level hierarchy
Warning (10036): Verilog HDL or VHDL warning at hw03.v(30): object "cnting" assigned a value but never read File: /home/kuoyaoming/Desktop/hw3/hw03.v Line: 30
Info (12128): Elaborating entity "SEG_HEX" for hierarchy "SEG_HEX:s0" File: /home/kuoyaoming/Desktop/hw3/hw03.v Line: 113
Info (13000): Registers with preset signals will power-up high File: /home/kuoyaoming/Desktop/hw3/hw03.v Line: 52
Info (13003): DEV_CLRn pin will set, and not reset, register with preset signal due to NOT Gate Push-Back
Info (286030): Timing-Driven Synthesis is running
Info (16010): Generating hard_block partition "hard_block:auto_generated_inst"
    Info (16011): Adding 0 node(s), including 0 DDIO, 0 PLL, 0 transceiver and 0 LCELL
Warning (21074): Design contains 3 input pin(s) that do not drive logic
    Warning (15610): No output dependent on input pin "KEY[1]" File: /home/kuoyaoming/Desktop/hw3/hw03.v Line: 4
    Warning (15610): No output dependent on input pin "KEY[2]" File: /home/kuoyaoming/Desktop/hw3/hw03.v Line: 4
    Warning (15610): No output dependent on input pin "KEY[3]" File: /home/kuoyaoming/Desktop/hw3/hw03.v Line: 4
Info (21057): Implemented 414 device resources after synthesis - the final resource count might be different
    Info (21058): Implemented 6 input pins
    Info (21059): Implemented 56 output pins
    Info (21061): Implemented 352 logic cells
Info (144001): Generated suppressed messages file /home/kuoyaoming/Desktop/hw3/output_files/hw3.map.smsg
Info: Quartus Prime Analysis & Synthesis was successful. 0 errors, 8 warnings
    Info: Peak virtual memory: 995 megabytes
    Info: Processing ended: Mon May 14 15:29:46 2018
    Info: Elapsed time: 00:00:10
    Info: Total CPU time (on all processors): 00:00:21


+------------------------------------------+
; Analysis & Synthesis Suppressed Messages ;
+------------------------------------------+
The suppressed messages can be found in /home/kuoyaoming/Desktop/hw3/output_files/hw3.map.smsg.


