Analysis & Synthesis report for lab4
Wed Jun 13 20:36:27 2018
Quartus II 64-Bit Version 13.1.0 Build 162 10/23/2013 SJ Web Edition


---------------------
; Table of Contents ;
---------------------
  1. Legal Notice
  2. Analysis & Synthesis Summary
  3. Analysis & Synthesis Settings
  4. Parallel Compilation
  5. Analysis & Synthesis Source Files Read
  6. Analysis & Synthesis Resource Usage Summary
  7. Analysis & Synthesis Resource Utilization by Entity
  8. Registers Removed During Synthesis
  9. General Register Statistics
 10. Multiplexer Restructuring Statistics (Restructuring Performed)
 11. Elapsed Time Per Partition
 12. Analysis & Synthesis Messages



----------------
; Legal Notice ;
----------------
Copyright (C) 1991-2013 Altera Corporation
Your use of Altera Corporation's design tools, logic functions 
and other software and tools, and its AMPP partner logic 
functions, and any output files from any of the foregoing 
(including device programming or simulation files), and any 
associated documentation or information are expressly subject 
to the terms and conditions of the Altera Program License 
Subscription Agreement, Altera MegaCore Function License 
Agreement, or other applicable license agreement, including, 
without limitation, that your use is for the sole purpose of 
programming logic devices manufactured by Altera and sold by 
Altera or its authorized distributors.  Please refer to the 
applicable agreement for further details.



+---------------------------------------------------------------------------------+
; Analysis & Synthesis Summary                                                    ;
+------------------------------------+--------------------------------------------+
; Analysis & Synthesis Status        ; Successful - Wed Jun 13 20:36:27 2018      ;
; Quartus II 64-Bit Version          ; 13.1.0 Build 162 10/23/2013 SJ Web Edition ;
; Revision Name                      ; lab4                                       ;
; Top-level Entity Name              ; hw04                                       ;
; Family                             ; Cyclone IV E                               ;
; Total logic elements               ; 307                                        ;
;     Total combinational functions  ; 273                                        ;
;     Dedicated logic registers      ; 155                                        ;
; Total registers                    ; 155                                        ;
; Total pins                         ; 18                                         ;
; Total virtual pins                 ; 0                                          ;
; Total memory bits                  ; 0                                          ;
; Embedded Multiplier 9-bit elements ; 0                                          ;
; Total PLLs                         ; 0                                          ;
+------------------------------------+--------------------------------------------+


+----------------------------------------------------------------------------------------------------------------------+
; Analysis & Synthesis Settings                                                                                        ;
+----------------------------------------------------------------------------+--------------------+--------------------+
; Option                                                                     ; Setting            ; Default Value      ;
+----------------------------------------------------------------------------+--------------------+--------------------+
; Device                                                                     ; EP4CE115F29C7      ;                    ;
; Top-level entity name                                                      ; hw04               ; lab4               ;
; Family name                                                                ; Cyclone IV E       ; Cyclone IV GX      ;
; Use smart compilation                                                      ; Off                ; Off                ;
; Enable parallel Assembler and TimeQuest Timing Analyzer during compilation ; On                 ; On                 ;
; Enable compact report table                                                ; Off                ; Off                ;
; Restructure Multiplexers                                                   ; Auto               ; Auto               ;
; Create Debugging Nodes for IP Cores                                        ; Off                ; Off                ;
; Preserve fewer node names                                                  ; On                 ; On                 ;
; Disable OpenCore Plus hardware evaluation                                  ; Off                ; Off                ;
; Verilog Version                                                            ; Verilog_2001       ; Verilog_2001       ;
; VHDL Version                                                               ; VHDL_1993          ; VHDL_1993          ;
; State Machine Processing                                                   ; Auto               ; Auto               ;
; Safe State Machine                                                         ; Off                ; Off                ;
; Extract Verilog State Machines                                             ; On                 ; On                 ;
; Extract VHDL State Machines                                                ; On                 ; On                 ;
; Ignore Verilog initial constructs                                          ; Off                ; Off                ;
; Iteration limit for constant Verilog loops                                 ; 5000               ; 5000               ;
; Iteration limit for non-constant Verilog loops                             ; 250                ; 250                ;
; Add Pass-Through Logic to Inferred RAMs                                    ; On                 ; On                 ;
; Infer RAMs from Raw Logic                                                  ; On                 ; On                 ;
; Parallel Synthesis                                                         ; On                 ; On                 ;
; DSP Block Balancing                                                        ; Auto               ; Auto               ;
; NOT Gate Push-Back                                                         ; On                 ; On                 ;
; Power-Up Don't Care                                                        ; On                 ; On                 ;
; Remove Redundant Logic Cells                                               ; Off                ; Off                ;
; Remove Duplicate Registers                                                 ; On                 ; On                 ;
; Ignore CARRY Buffers                                                       ; Off                ; Off                ;
; Ignore CASCADE Buffers                                                     ; Off                ; Off                ;
; Ignore GLOBAL Buffers                                                      ; Off                ; Off                ;
; Ignore ROW GLOBAL Buffers                                                  ; Off                ; Off                ;
; Ignore LCELL Buffers                                                       ; Off                ; Off                ;
; Ignore SOFT Buffers                                                        ; On                 ; On                 ;
; Limit AHDL Integers to 32 Bits                                             ; Off                ; Off                ;
; Optimization Technique                                                     ; Balanced           ; Balanced           ;
; Carry Chain Length                                                         ; 70                 ; 70                 ;
; Auto Carry Chains                                                          ; On                 ; On                 ;
; Auto Open-Drain Pins                                                       ; On                 ; On                 ;
; Perform WYSIWYG Primitive Resynthesis                                      ; Off                ; Off                ;
; Auto ROM Replacement                                                       ; On                 ; On                 ;
; Auto RAM Replacement                                                       ; On                 ; On                 ;
; Auto DSP Block Replacement                                                 ; On                 ; On                 ;
; Auto Shift Register Replacement                                            ; Auto               ; Auto               ;
; Allow Shift Register Merging across Hierarchies                            ; Auto               ; Auto               ;
; Auto Clock Enable Replacement                                              ; On                 ; On                 ;
; Strict RAM Replacement                                                     ; Off                ; Off                ;
; Allow Synchronous Control Signals                                          ; On                 ; On                 ;
; Force Use of Synchronous Clear Signals                                     ; Off                ; Off                ;
; Auto RAM Block Balancing                                                   ; On                 ; On                 ;
; Auto RAM to Logic Cell Conversion                                          ; Off                ; Off                ;
; Auto Resource Sharing                                                      ; Off                ; Off                ;
; Allow Any RAM Size For Recognition                                         ; Off                ; Off                ;
; Allow Any ROM Size For Recognition                                         ; Off                ; Off                ;
; Allow Any Shift Register Size For Recognition                              ; Off                ; Off                ;
; Use LogicLock Constraints during Resource Balancing                        ; On                 ; On                 ;
; Ignore translate_off and synthesis_off directives                          ; Off                ; Off                ;
; Timing-Driven Synthesis                                                    ; On                 ; On                 ;
; Report Parameter Settings                                                  ; On                 ; On                 ;
; Report Source Assignments                                                  ; On                 ; On                 ;
; Report Connectivity Checks                                                 ; On                 ; On                 ;
; Ignore Maximum Fan-Out Assignments                                         ; Off                ; Off                ;
; Synchronization Register Chain Length                                      ; 2                  ; 2                  ;
; PowerPlay Power Optimization                                               ; Normal compilation ; Normal compilation ;
; HDL message level                                                          ; Level2             ; Level2             ;
; Suppress Register Optimization Related Messages                            ; Off                ; Off                ;
; Number of Removed Registers Reported in Synthesis Report                   ; 5000               ; 5000               ;
; Number of Swept Nodes Reported in Synthesis Report                         ; 5000               ; 5000               ;
; Number of Inverted Registers Reported in Synthesis Report                  ; 100                ; 100                ;
; Clock MUX Protection                                                       ; On                 ; On                 ;
; Auto Gated Clock Conversion                                                ; Off                ; Off                ;
; Block Design Naming                                                        ; Auto               ; Auto               ;
; SDC constraint protection                                                  ; Off                ; Off                ;
; Synthesis Effort                                                           ; Auto               ; Auto               ;
; Shift Register Replacement - Allow Asynchronous Clear Signal               ; On                 ; On                 ;
; Pre-Mapping Resynthesis Optimization                                       ; Off                ; Off                ;
; Analysis & Synthesis Message Level                                         ; Medium             ; Medium             ;
; Disable Register Merging Across Hierarchies                                ; Auto               ; Auto               ;
; Resource Aware Inference For Block RAM                                     ; On                 ; On                 ;
; Synthesis Seed                                                             ; 1                  ; 1                  ;
+----------------------------------------------------------------------------+--------------------+--------------------+


Parallel compilation was disabled, but you have multiple processors available. Enable parallel compilation to reduce compilation time.
+-------------------------------------+
; Parallel Compilation                ;
+----------------------------+--------+
; Processors                 ; Number ;
+----------------------------+--------+
; Number detected on machine ; 4      ;
; Maximum allowed            ; 1      ;
+----------------------------+--------+


+----------------------------------------------------------------------------------------------------------------------------+
; Analysis & Synthesis Source Files Read                                                                                     ;
+----------------------------------+-----------------+------------------------+------------------------------------+---------+
; File Name with User-Entered Path ; Used in Netlist ; File Type              ; File Name with Absolute Path       ; Library ;
+----------------------------------+-----------------+------------------------+------------------------------------+---------+
; hw04.v                           ; yes             ; User Verilog HDL File  ; C:/Users/PC-19/Desktop/lab4/hw04.v ;         ;
+----------------------------------+-----------------+------------------------+------------------------------------+---------+


+--------------------------------------------------------------+
; Analysis & Synthesis Resource Usage Summary                  ;
+---------------------------------------------+----------------+
; Resource                                    ; Usage          ;
+---------------------------------------------+----------------+
; Estimated Total logic elements              ; 307            ;
;                                             ;                ;
; Total combinational functions               ; 273            ;
; Logic element usage by number of LUT inputs ;                ;
;     -- 4 input functions                    ; 141            ;
;     -- 3 input functions                    ; 41             ;
;     -- <=2 input functions                  ; 91             ;
;                                             ;                ;
; Logic elements by mode                      ;                ;
;     -- normal mode                          ; 201            ;
;     -- arithmetic mode                      ; 72             ;
;                                             ;                ;
; Total registers                             ; 155            ;
;     -- Dedicated logic registers            ; 155            ;
;     -- I/O registers                        ; 0              ;
;                                             ;                ;
; I/O pins                                    ; 18             ;
; Embedded Multiplier 9-bit elements          ; 0              ;
; Maximum fan-out node                        ; CLOCK_50~input ;
; Maximum fan-out                             ; 155            ;
; Total fan-out                               ; 1490           ;
; Average fan-out                             ; 3.21           ;
+---------------------------------------------+----------------+


+-----------------------------------------------------------------------------------------------------------------------------------------------------------------------------+
; Analysis & Synthesis Resource Utilization by Entity                                                                                                                         ;
+----------------------------+-------------------+--------------+-------------+--------------+---------+-----------+------+--------------+---------------------+--------------+
; Compilation Hierarchy Node ; LC Combinationals ; LC Registers ; Memory Bits ; DSP Elements ; DSP 9x9 ; DSP 18x18 ; Pins ; Virtual Pins ; Full Hierarchy Name ; Library Name ;
+----------------------------+-------------------+--------------+-------------+--------------+---------+-----------+------+--------------+---------------------+--------------+
; |hw04                      ; 273 (273)         ; 155 (155)    ; 0           ; 0            ; 0       ; 0         ; 18   ; 0            ; |hw04               ; work         ;
+----------------------------+-------------------+--------------+-------------+--------------+---------+-----------+------+--------------+---------------------+--------------+
Note: For table entries with two numbers listed, the numbers in parentheses indicate the number of resources of the given type used by the specific entity alone. The numbers listed outside of parentheses indicate the total resources of the given type used by the specific entity and all of its sub-entities in the hierarchy.


+---------------------------------------------------------------------------------+
; Registers Removed During Synthesis                                              ;
+----------------------------------------+----------------------------------------+
; Register name                          ; Reason for Removal                     ;
+----------------------------------------+----------------------------------------+
; LCD_RW~reg0                            ; Stuck at GND due to stuck port data_in ;
; out[7][7]                              ; Stuck at GND due to stuck port data_in ;
; out[7][6]                              ; Stuck at GND due to stuck port data_in ;
; out[7][5]                              ; Stuck at VCC due to stuck port data_in ;
; out[7][4]                              ; Stuck at VCC due to stuck port data_in ;
; out[6][7]                              ; Stuck at GND due to stuck port data_in ;
; out[6][6]                              ; Stuck at GND due to stuck port data_in ;
; out[6][5]                              ; Stuck at VCC due to stuck port data_in ;
; out[6][4]                              ; Stuck at VCC due to stuck port data_in ;
; out[5][7]                              ; Stuck at GND due to stuck port data_in ;
; out[5][6]                              ; Stuck at GND due to stuck port data_in ;
; out[5][5]                              ; Stuck at VCC due to stuck port data_in ;
; out[5][4]                              ; Stuck at VCC due to stuck port data_in ;
; out[4][7]                              ; Stuck at GND due to stuck port data_in ;
; out[4][6]                              ; Stuck at GND due to stuck port data_in ;
; out[4][5]                              ; Stuck at VCC due to stuck port data_in ;
; out[4][4]                              ; Stuck at VCC due to stuck port data_in ;
; out[3][7]                              ; Stuck at GND due to stuck port data_in ;
; out[3][6]                              ; Stuck at GND due to stuck port data_in ;
; out[3][5]                              ; Stuck at VCC due to stuck port data_in ;
; out[3][4]                              ; Stuck at VCC due to stuck port data_in ;
; out[2][7]                              ; Stuck at GND due to stuck port data_in ;
; out[2][6]                              ; Stuck at GND due to stuck port data_in ;
; out[2][5]                              ; Stuck at VCC due to stuck port data_in ;
; out[2][4]                              ; Stuck at VCC due to stuck port data_in ;
; out[1][7]                              ; Stuck at GND due to stuck port data_in ;
; out[1][6]                              ; Stuck at GND due to stuck port data_in ;
; out[1][5]                              ; Stuck at VCC due to stuck port data_in ;
; out[1][4]                              ; Stuck at VCC due to stuck port data_in ;
; out[0][7]                              ; Stuck at GND due to stuck port data_in ;
; out[0][6]                              ; Stuck at GND due to stuck port data_in ;
; out[0][5]                              ; Stuck at VCC due to stuck port data_in ;
; out[0][4]                              ; Stuck at VCC due to stuck port data_in ;
; LCD_DATA[4]~reg0                       ; Merged with LCD_DATA[5]~reg0           ;
; st[5]                                  ; Stuck at GND due to stuck port data_in ;
; Total Number of Removed Registers = 35 ;                                        ;
+----------------------------------------+----------------------------------------+


+------------------------------------------------------+
; General Register Statistics                          ;
+----------------------------------------------+-------+
; Statistic                                    ; Value ;
+----------------------------------------------+-------+
; Total registers                              ; 155   ;
; Number of registers using Synchronous Clear  ; 77    ;
; Number of registers using Synchronous Load   ; 2     ;
; Number of registers using Asynchronous Clear ; 123   ;
; Number of registers using Asynchronous Load  ; 0     ;
; Number of registers using Clock Enable       ; 84    ;
; Number of registers using Preset             ; 0     ;
+----------------------------------------------+-------+


+------------------------------------------------------------------------------------------------------------------------------------------+
; Multiplexer Restructuring Statistics (Restructuring Performed)                                                                           ;
+--------------------+-----------+---------------+----------------------+------------------------+------------+----------------------------+
; Multiplexer Inputs ; Bus Width ; Baseline Area ; Area if Restructured ; Saving if Restructured ; Registered ; Example Multiplexer Output ;
+--------------------+-----------+---------------+----------------------+------------------------+------------+----------------------------+
; 4:1                ; 4 bits    ; 8 LEs         ; 4 LEs                ; 4 LEs                  ; Yes        ; |hw04|n0[3]                ;
; 4:1                ; 4 bits    ; 8 LEs         ; 4 LEs                ; 4 LEs                  ; Yes        ; |hw04|n1[3]                ;
; 4:1                ; 4 bits    ; 8 LEs         ; 4 LEs                ; 4 LEs                  ; Yes        ; |hw04|n2[2]                ;
; 4:1                ; 4 bits    ; 8 LEs         ; 4 LEs                ; 4 LEs                  ; Yes        ; |hw04|n3[0]                ;
; 4:1                ; 4 bits    ; 8 LEs         ; 4 LEs                ; 4 LEs                  ; Yes        ; |hw04|n4[0]                ;
; 4:1                ; 4 bits    ; 8 LEs         ; 4 LEs                ; 4 LEs                  ; Yes        ; |hw04|n5[0]                ;
; 4:1                ; 4 bits    ; 8 LEs         ; 4 LEs                ; 4 LEs                  ; Yes        ; |hw04|n6[0]                ;
; 4:1                ; 4 bits    ; 8 LEs         ; 4 LEs                ; 4 LEs                  ; Yes        ; |hw04|n7[0]                ;
; 73:1               ; 3 bits    ; 144 LEs       ; 15 LEs               ; 129 LEs                ; Yes        ; |hw04|LCD_DATA[5]~reg0     ;
; 73:1               ; 4 bits    ; 192 LEs       ; 40 LEs               ; 152 LEs                ; Yes        ; |hw04|LCD_DATA[0]~reg0     ;
; 63:1               ; 32 bits   ; 1344 LEs      ; 32 LEs               ; 1312 LEs               ; Yes        ; |hw04|cnt[21]              ;
; 66:1               ; 2 bits    ; 88 LEs        ; 18 LEs               ; 70 LEs                 ; Yes        ; |hw04|st[0]                ;
+--------------------+-----------+---------------+----------------------+------------------------+------------+----------------------------+


+-------------------------------+
; Elapsed Time Per Partition    ;
+----------------+--------------+
; Partition Name ; Elapsed Time ;
+----------------+--------------+
; Top            ; 00:00:01     ;
+----------------+--------------+


+-------------------------------+
; Analysis & Synthesis Messages ;
+-------------------------------+
Info: *******************************************************************
Info: Running Quartus II 64-Bit Analysis & Synthesis
    Info: Version 13.1.0 Build 162 10/23/2013 SJ Web Edition
    Info: Processing started: Wed Jun 13 20:36:24 2018
Info: Command: quartus_map --read_settings_files=on --write_settings_files=off lab4 -c lab4
Warning (20028): Parallel compilation is not licensed and has been disabled
Info (12021): Found 1 design units, including 1 entities, in source file hw04.v
    Info (12023): Found entity 1: hw04
Warning (10236): Verilog HDL Implicit Net warning at hw04.v(27): created implicit net for "rst"
Info (12127): Elaborating entity "hw04" for the top level hierarchy
Critical Warning (10237): Verilog HDL warning at hw04.v(32): can't infer register for assignment in edge-triggered always construct because the clock isn't obvious. Generated combinational logic instead
Warning (10230): Verilog HDL assignment warning at hw04.v(73): truncated value with size 32 to match size of target (4)
Warning (10230): Verilog HDL assignment warning at hw04.v(77): truncated value with size 32 to match size of target (4)
Warning (10230): Verilog HDL assignment warning at hw04.v(81): truncated value with size 32 to match size of target (4)
Warning (10230): Verilog HDL assignment warning at hw04.v(85): truncated value with size 32 to match size of target (4)
Warning (10230): Verilog HDL assignment warning at hw04.v(89): truncated value with size 32 to match size of target (4)
Warning (10230): Verilog HDL assignment warning at hw04.v(93): truncated value with size 32 to match size of target (4)
Warning (10230): Verilog HDL assignment warning at hw04.v(97): truncated value with size 32 to match size of target (4)
Warning (10230): Verilog HDL assignment warning at hw04.v(101): truncated value with size 32 to match size of target (4)
Warning (10230): Verilog HDL assignment warning at hw04.v(133): truncated value with size 32 to match size of target (6)
Warning (10230): Verilog HDL assignment warning at hw04.v(143): truncated value with size 32 to match size of target (6)
Warning (10230): Verilog HDL assignment warning at hw04.v(151): truncated value with size 32 to match size of target (6)
Warning (10230): Verilog HDL assignment warning at hw04.v(161): truncated value with size 32 to match size of target (6)
Warning (10230): Verilog HDL assignment warning at hw04.v(169): truncated value with size 32 to match size of target (6)
Warning (10230): Verilog HDL assignment warning at hw04.v(179): truncated value with size 32 to match size of target (6)
Warning (10230): Verilog HDL assignment warning at hw04.v(187): truncated value with size 32 to match size of target (6)
Warning (10230): Verilog HDL assignment warning at hw04.v(197): truncated value with size 32 to match size of target (6)
Warning (10230): Verilog HDL assignment warning at hw04.v(206): truncated value with size 32 to match size of target (6)
Warning (10230): Verilog HDL assignment warning at hw04.v(216): truncated value with size 32 to match size of target (6)
Warning (10230): Verilog HDL assignment warning at hw04.v(225): truncated value with size 32 to match size of target (6)
Warning (10230): Verilog HDL assignment warning at hw04.v(235): truncated value with size 32 to match size of target (6)
Warning (10230): Verilog HDL assignment warning at hw04.v(244): truncated value with size 32 to match size of target (6)
Warning (10230): Verilog HDL assignment warning at hw04.v(255): truncated value with size 32 to match size of target (6)
Warning (10230): Verilog HDL assignment warning at hw04.v(264): truncated value with size 32 to match size of target (6)
Warning (10230): Verilog HDL assignment warning at hw04.v(273): truncated value with size 32 to match size of target (6)
Warning (10230): Verilog HDL assignment warning at hw04.v(282): truncated value with size 32 to match size of target (6)
Warning (10230): Verilog HDL assignment warning at hw04.v(292): truncated value with size 32 to match size of target (6)
Warning (10230): Verilog HDL assignment warning at hw04.v(299): truncated value with size 32 to match size of target (11)
Warning (10240): Verilog HDL Always Construct warning at hw04.v(113): inferring latch(es) for variable "LCD_ON", which holds its previous value in one or more paths through the always construct
Info (10041): Inferred latch for "LCD_ON" at hw04.v(113)
Info (10041): Inferred latch for "out[8][0]" at hw04.v(34)
Info (10041): Inferred latch for "out[8][1]" at hw04.v(34)
Info (10041): Inferred latch for "out[8][2]" at hw04.v(34)
Info (10041): Inferred latch for "out[8][3]" at hw04.v(34)
Info (10041): Inferred latch for "out[8][4]" at hw04.v(34)
Info (10041): Inferred latch for "out[8][5]" at hw04.v(34)
Info (10041): Inferred latch for "out[8][6]" at hw04.v(34)
Info (10041): Inferred latch for "out[8][7]" at hw04.v(34)
Info (10041): Inferred latch for "out[9][0]" at hw04.v(34)
Info (10041): Inferred latch for "out[9][1]" at hw04.v(34)
Info (10041): Inferred latch for "out[9][2]" at hw04.v(34)
Info (10041): Inferred latch for "out[9][3]" at hw04.v(34)
Info (10041): Inferred latch for "out[9][4]" at hw04.v(34)
Info (10041): Inferred latch for "out[9][5]" at hw04.v(34)
Info (10041): Inferred latch for "out[9][6]" at hw04.v(34)
Info (10041): Inferred latch for "out[9][7]" at hw04.v(34)
Warning (13024): Output pins are stuck at VCC or GND
    Warning (13410): Pin "LCD_ON" is stuck at VCC
    Warning (13410): Pin "LCD_RW" is stuck at GND
Info (286030): Timing-Driven Synthesis is running
Info (16010): Generating hard_block partition "hard_block:auto_generated_inst"
    Info (16011): Adding 0 node(s), including 0 DDIO, 0 PLL, 0 transceiver and 0 LCELL
Warning (21074): Design contains 3 input pin(s) that do not drive logic
    Warning (15610): No output dependent on input pin "KEY[1]"
    Warning (15610): No output dependent on input pin "KEY[2]"
    Warning (15610): No output dependent on input pin "KEY[3]"
Info (21057): Implemented 325 device resources after synthesis - the final resource count might be different
    Info (21058): Implemented 6 input pins
    Info (21059): Implemented 12 output pins
    Info (21061): Implemented 307 logic cells
Info: Quartus II 64-Bit Analysis & Synthesis was successful. 0 errors, 38 warnings
    Info: Peak virtual memory: 473 megabytes
    Info: Processing ended: Wed Jun 13 20:36:27 2018
    Info: Elapsed time: 00:00:03
    Info: Total CPU time (on all processors): 00:00:03


